Flow report for eth_imp
Tue Mar 24 15:42:00 2026
Quartus Prime Version 20.1.0 Build 711 06/05/2020 SJ Lite Edition


---------------------
; Table of Contents ;
---------------------
  1. Legal Notice
  2. Flow Summary
  3. Flow Settings
  4. Flow Non-Default Global Settings
  5. Flow Elapsed Time
  6. Flow OS Summary
  7. Flow Log
  8. Flow Messages
  9. Flow Suppressed Messages



----------------
; Legal Notice ;
----------------
Copyright (C) 2020  Intel Corporation. All rights reserved.
Your use of Intel Corporation's design tools, logic functions 
and other software and tools, and any partner logic 
functions, and any output files from any of the foregoing 
(including device programming or simulation files), and any 
associated documentation or information are expressly subject 
to the terms and conditions of the Intel Program License 
Subscription Agreement, the Intel Quartus Prime License Agreement,
the Intel FPGA IP License Agreement, or other applicable license
agreement, including, without limitation, that your use is for
the sole purpose of programming logic devices manufactured by
Intel and sold by Intel or its authorized distributors.  Please
refer to the applicable agreement for further details, at
https://fpgasoftware.intel.com/eula.



+----------------------------------------------------------------------------------+
; Flow Summary                                                                     ;
+------------------------------------+---------------------------------------------+
; Flow Status                        ; Successful - Tue Mar 24 15:42:00 2026       ;
; Quartus Prime Version              ; 20.1.0 Build 711 06/05/2020 SJ Lite Edition ;
; Revision Name                      ; eth_imp                                     ;
; Top-level Entity Name              ; top_video_test                              ;
; Family                             ; Cyclone IV E                                ;
; Device                             ; EP4CE10F17C8                                ;
; Timing Models                      ; Final                                       ;
; Total logic elements               ; 1,969 / 10,320 ( 19 % )                     ;
;     Total combinational functions  ; 1,665 / 10,320 ( 16 % )                     ;
;     Dedicated logic registers      ; 1,020 / 10,320 ( 10 % )                     ;
; Total registers                    ; 1105                                        ;
; Total pins                         ; 66 / 180 ( 37 % )                           ;
; Total virtual pins                 ; 0                                           ;
; Total memory bits                  ; 98,304 / 423,936 ( 23 % )                   ;
; Embedded Multiplier 9-bit elements ; 0 / 46 ( 0 % )                              ;
; Total PLLs                         ; 1 / 2 ( 50 % )                              ;
+------------------------------------+---------------------------------------------+


+-----------------------------------------+
; Flow Settings                           ;
+-------------------+---------------------+
; Option            ; Setting             ;
+-------------------+---------------------+
; Start date & time ; 03/24/2026 15:41:35 ;
; Main task         ; Compilation         ;
; Revision Name     ; eth_imp             ;
+-------------------+---------------------+


+-------------------------------------------------------------------------------------------------------------------------------------------------------------------------------+
; Flow Non-Default Global Settings                                                                                                                                              ;
+-------------------------------------+-------------------------------------------------------------------+---------------+-----------------+-----------------------------------+
; Assignment Name                     ; Value                                                             ; Default Value ; Entity Name     ; Section Id                        ;
+-------------------------------------+-------------------------------------------------------------------+---------------+-----------------+-----------------------------------+
; COMPILER_SIGNATURE_ID               ; 2542705984547.177433809526840                                     ; --            ; --              ; --                                ;
; EDA_GENERATE_FUNCTIONAL_NETLIST     ; Off                                                               ; --            ; --              ; eda_board_design_timing           ;
; EDA_GENERATE_FUNCTIONAL_NETLIST     ; Off                                                               ; --            ; --              ; eda_board_design_boundary_scan    ;
; EDA_GENERATE_FUNCTIONAL_NETLIST     ; Off                                                               ; --            ; --              ; eda_board_design_signal_integrity ;
; EDA_GENERATE_FUNCTIONAL_NETLIST     ; Off                                                               ; --            ; --              ; eda_board_design_symbol           ;
; EDA_OUTPUT_DATA_FORMAT              ; Verilog Hdl                                                       ; --            ; --              ; eda_simulation                    ;
; EDA_SIMULATION_TOOL                 ; ModelSim (Verilog)                                                ; <None>        ; --              ; --                                ;
; EDA_TIME_SCALE                      ; 1 ps                                                              ; --            ; --              ; eda_simulation                    ;
; MAX_CORE_JUNCTION_TEMP              ; 85                                                                ; --            ; --              ; --                                ;
; MIN_CORE_JUNCTION_TEMP              ; 0                                                                 ; --            ; --              ; --                                ;
; MISC_FILE                           ; rtl/sdram/rtl/sdram/synthesis/../sdram_4port_sys.cmp              ; --            ; --              ; --                                ;
; MISC_FILE                           ; rtl/sdram/rtl/sdram/synthesis/../../../sdram_4port_sys.qsys       ; --            ; --              ; --                                ;
; MISC_FILE                           ; rtl/sdram/rtl/sdram/cam_fifo_bb.v                                 ; --            ; --              ; --                                ;
; MISC_FILE                           ; rtl/sdram/rtl/sdram/eth_fifo_bb.v                                 ; --            ; --              ; --                                ;
; MISC_FILE                           ; rtl/pll/pll_inst_bb.v                                             ; --            ; --              ; --                                ;
; MISC_FILE                           ; rtl/pll/pll_inst.ppf                                              ; --            ; --              ; --                                ;
; MISC_FILE                           ; rtl/hdmi/ddio_out.bsf                                             ; --            ; --              ; --                                ;
; MISC_FILE                           ; rtl/hdmi/ddio_out_inst.v                                          ; --            ; --              ; --                                ;
; MISC_FILE                           ; rtl/hdmi/ddio_out_bb.v                                            ; --            ; --              ; --                                ;
; MISC_FILE                           ; rtl/hdmi/ddio_out.inc                                             ; --            ; --              ; --                                ;
; MISC_FILE                           ; rtl/hdmi/ddio_out.cmp                                             ; --            ; --              ; --                                ;
; MISC_FILE                           ; rtl/hdmi/ddio_out.ppf                                             ; --            ; --              ; --                                ;
; MISC_FILE                           ; rtl/sdram/rtl/sdram/hdmi_fifo_bb.v                                ; --            ; --              ; --                                ;
; NOMINAL_CORE_SUPPLY_VOLTAGE         ; 1.2V                                                              ; --            ; --              ; --                                ;
; OUTPUT_IO_TIMING_FAR_END_VMEAS      ; Half Signal Swing                                                 ; --            ; --              ; --                                ;
; OUTPUT_IO_TIMING_FAR_END_VMEAS      ; Half Signal Swing                                                 ; --            ; --              ; --                                ;
; OUTPUT_IO_TIMING_NEAR_END_VMEAS     ; Half Vccio                                                        ; --            ; --              ; --                                ;
; OUTPUT_IO_TIMING_NEAR_END_VMEAS     ; Half Vccio                                                        ; --            ; --              ; --                                ;
; PARTITION_COLOR                     ; -- (Not supported for targeted family)                            ; --            ; top_video_test  ; Top                               ;
; PARTITION_FITTER_PRESERVATION_LEVEL ; -- (Not supported for targeted family)                            ; --            ; top_video_test  ; Top                               ;
; PARTITION_NETLIST_TYPE              ; -- (Not supported for targeted family)                            ; --            ; top_video_test  ; Top                               ;
; POWER_BOARD_THERMAL_MODEL           ; None (CONSERVATIVE)                                               ; --            ; --              ; --                                ;
; POWER_PRESET_COOLING_SOLUTION       ; 23 MM HEAT SINK WITH 200 LFPM AIRFLOW                             ; --            ; --              ; --                                ;
; PROJECT_OUTPUT_DIRECTORY            ; output_files                                                      ; --            ; --              ; --                                ;
; SLD_FILE                            ; rtl/sdram/rtl/sdram/synthesis/sdram_4port_sys.debuginfo           ; --            ; --              ; --                                ;
; SLD_INFO                            ; QSYS_NAME sdram_4port_sys HAS_SOPCINFO 1 GENERATION_ID 1774091465 ; --            ; sdram_4port_sys ; --                                ;
; SOPCINFO_FILE                       ; rtl/sdram/rtl/sdram/synthesis/../../../sdram_4port_sys.sopcinfo   ; --            ; --              ; --                                ;
; SYNTHESIS_ONLY_QIP                  ; On                                                                ; --            ; --              ; --                                ;
; TOP_LEVEL_ENTITY                    ; top_video_test                                                    ; eth_imp       ; --              ; --                                ;
+-------------------------------------+-------------------------------------------------------------------+---------------+-----------------+-----------------------------------+


+--------------------------------------------------------------------------------------------------------------------------+
; Flow Elapsed Time                                                                                                        ;
+----------------------+--------------+-------------------------+---------------------+------------------------------------+
; Module Name          ; Elapsed Time ; Average Processors Used ; Peak Virtual Memory ; Total CPU Time (on all processors) ;
+----------------------+--------------+-------------------------+---------------------+------------------------------------+
; Analysis & Synthesis ; 00:00:10     ; 1.0                     ; 4915 MB             ; 00:00:18                           ;
; Fitter               ; 00:00:07     ; 1.3                     ; 6349 MB             ; 00:00:21                           ;
; Assembler            ; 00:00:01     ; 1.0                     ; 4702 MB             ; 00:00:00                           ;
; Timing Analyzer      ; 00:00:01     ; 1.3                     ; 4928 MB             ; 00:00:02                           ;
; EDA Netlist Writer   ; 00:00:01     ; 1.0                     ; 4667 MB             ; 00:00:00                           ;
; Total                ; 00:00:20     ; --                      ; --                  ; 00:00:41                           ;
+----------------------+--------------+-------------------------+---------------------+------------------------------------+


+------------------------------------------------------------------------------------+
; Flow OS Summary                                                                    ;
+----------------------+------------------+------------+------------+----------------+
; Module Name          ; Machine Hostname ; OS Name    ; OS Version ; Processor type ;
+----------------------+------------------+------------+------------+----------------+
; Analysis & Synthesis ; LAPTOP-CE0BTDJ2  ; Windows 10 ; 10.0       ; x86_64         ;
; Fitter               ; LAPTOP-CE0BTDJ2  ; Windows 10 ; 10.0       ; x86_64         ;
; Assembler            ; LAPTOP-CE0BTDJ2  ; Windows 10 ; 10.0       ; x86_64         ;
; Timing Analyzer      ; LAPTOP-CE0BTDJ2  ; Windows 10 ; 10.0       ; x86_64         ;
; EDA Netlist Writer   ; LAPTOP-CE0BTDJ2  ; Windows 10 ; 10.0       ; x86_64         ;
+----------------------+------------------+------------+------------+----------------+


------------
; Flow Log ;
------------
quartus_map --read_settings_files=on --write_settings_files=off eth_imp -c eth_imp
quartus_fit --read_settings_files=off --write_settings_files=off eth_imp -c eth_imp
quartus_asm --read_settings_files=off --write_settings_files=off eth_imp -c eth_imp
quartus_sta eth_imp -c eth_imp
quartus_eda --read_settings_files=off --write_settings_files=off eth_imp -c eth_imp



